nofill32.lzp
solidfill16.lzp
gradientlinear16.lzp
gradientreflected16.lzp
gradientdiamond16.lzp
gradientradial16.lzp
gradientangular16.lzp
gradientpad16.lzp
gradientrepeat16.lzp
gradientreflect16.lzp
gradientsine16.lzp
gradientsrgb16.lzp
gradientrgb16.lzp
gradienthuecw16.lzp
gradienthueccw16.lzp
gradientcorrhuecw16.lzp
gradientcorrhueccw16.lzp
texturenorepeat16.lzp
texturerepeatx16.lzp
texturerepeaty16.lzp
texturerepeatboth16.lzp
texturefit16.lzp
textureopen32.lzp
swapgradcolor16.lzp
texture16.lzp
movegradpoint32.lzp
