filenew32.LZP
fileopen32.LZP
filesave32.LZP
filesaveas32.LZP
moveup32.LZP
movedown32.LZP
movetofront32.LZP
movetoback32.LZP
copy32.LZP
paste32.LZP
cut32.LZP
delete32.LZP
movegradpoint32.LZP
phongrect32.LZP
phongroundrect32.LZP
phonghalfsphere32.LZP
phongconetop32.LZP
phongconeside32.LZP
phonghorizcylinder32.LZP
phongvertcylinder32.LZP
curvemovepoint32.LZP
curveautodetect32.LZP
curvesmooth32.LZP
curveangle32.LZP
text32.LZP
textfont32.LZP
textalignleft32.LZP
textaligncenter32.LZP
textalignright32.LZP
textoutline32.LZP
textshadow32.LZP
textdirectionany32.LZP
textdirectionltr32.LZP
textdirectionrtl32.LZP
textbold32.LZP
textitalic32.LZP
textunderline32.LZP
textstrikeout32.LZP
